# JRE version: Java(TM) SE Runtime Environment (8.0_25-b17) (build 1.8.0_25-b17)
# Java VM: Java HotSpot(TM) 64-Bit Server VM (25.25-b02 mixed mode linux-amd64 compressed oops)
Heap:
 PSYoungGen      total 153088K, used 37844K [0x00000000f5580000, 0x0000000100000000, 0x0000000100000000)
  eden space 131584K, 12% used [0x00000000f5580000,0x00000000f6578c00,0x00000000fd600000)
  from space 21504K, 99% used [0x00000000fd600000,0x00000000feafc7e8,0x00000000feb00000)
  to   space 21504K, 0% used [0x00000000feb00000,0x00000000feb00000,0x0000000100000000)
 ParOldGen       total 349696K, used 23861K [0x00000000e0000000, 0x00000000f5580000, 0x00000000f5580000)
  object space 349696K, 6% used [0x00000000e0000000,0x00000000e174d650,0x00000000f5580000)
 Metaspace       used 44914K, capacity 45328K, committed 45568K, reserved 1087488K
  class space    used 7025K, capacity 7131K, committed 7168K, reserved 1048576K
GC Heap History (10 events):
Event: 2.509 GC heap before
{Heap before GC invocations=1 (full 0):
 PSYoungGen      total 153088K, used 102715K [0x00000000f5580000, 0x0000000100000000, 0x0000000100000000)
  eden space 131584K, 78% used [0x00000000f5580000,0x00000000fb9ceeb8,0x00000000fd600000)
  from space 21504K, 0% used [0x00000000feb00000,0x00000000feb00000,0x0000000100000000)
  to   space 21504K, 0% used [0x00000000fd600000,0x00000000fd600000,0x00000000feb00000)
 ParOldGen       total 349696K, used 0K [0x00000000e0000000, 0x00000000f5580000, 0x00000000f5580000)
  object space 349696K, 0% used [0x00000000e0000000,0x00000000e0000000,0x00000000f5580000)
 Metaspace       used 20916K, capacity 21084K, committed 21296K, reserved 1067008K
  class space    used 3037K, capacity 3102K, committed 3200K, reserved 1048576K
Event: 2.525 GC heap after
Heap after GC invocations=1 (full 0):
 PSYoungGen      total 153088K, used 16151K [0x00000000f5580000, 0x0000000100000000, 0x0000000100000000)
  eden space 131584K, 0% used [0x00000000f5580000,0x00000000f5580000,0x00000000fd600000)
  from space 21504K, 75% used [0x00000000fd600000,0x00000000fe5c5d30,0x00000000feb00000)
  to   space 21504K, 0% used [0x00000000feb00000,0x00000000feb00000,0x0000000100000000)
 ParOldGen       total 349696K, used 88K [0x00000000e0000000, 0x00000000f5580000, 0x00000000f5580000)
  object space 349696K, 0% used [0x00000000e0000000,0x00000000e0016010,0x00000000f5580000)
 Metaspace       used 20916K, capacity 21084K, committed 21296K, reserved 1067008K
  class space    used 3037K, capacity 3102K, committed 3200K, reserved 1048576K
}
Event: 2.525 GC heap before
{Heap before GC invocations=2 (full 1):
 PSYoungGen      total 153088K, used 16151K [0x00000000f5580000, 0x0000000100000000, 0x0000000100000000)
  eden space 131584K, 0% used [0x00000000f5580000,0x00000000f5580000,0x00000000fd600000)
  from space 21504K, 75% used [0x00000000fd600000,0x00000000fe5c5d30,0x00000000feb00000)
  to   space 21504K, 0% used [0x00000000feb00000,0x00000000feb00000,0x0000000100000000)
 ParOldGen       total 349696K, used 88K [0x00000000e0000000, 0x00000000f5580000, 0x00000000f5580000)
  object space 349696K, 0% used [0x00000000e0000000,0x00000000e0016010,0x00000000f5580000)
 Metaspace       used 20916K, capacity 21084K, committed 21296K, reserved 1067008K
  class space    used 3037K, capacity 3102K, committed 3200K, reserved 1048576K
Event: 2.551 GC heap after
Heap after GC invocations=2 (full 1):
 PSYoungGen      total 153088K, used 0K [0x00000000f5580000, 0x0000000100000000, 0x0000000100000000)
  eden space 131584K, 0% used [0x00000000f5580000,0x00000000f5580000,0x00000000fd600000)
  from space 21504K, 0% used [0x00000000fd600000,0x00000000fd600000,0x00000000feb00000)
  to   space 21504K, 0% used [0x00000000feb00000,0x00000000feb00000,0x0000000100000000)
 ParOldGen       total 349696K, used 15209K [0x00000000e0000000, 0x00000000f5580000, 0x00000000f5580000)
  object space 349696K, 4% used [0x00000000e0000000,0x00000000e0eda460,0x00000000f5580000)
 Metaspace       used 20916K, capacity 21084K, committed 21296K, reserved 1067008K
  class space    used 3037K, capacity 3102K, committed 3200K, reserved 1048576K
}
Event: 4.677 GC heap before
{Heap before GC invocations=3 (full 1):
 PSYoungGen      total 153088K, used 95383K [0x00000000f5580000, 0x0000000100000000, 0x0000000100000000)
  eden space 131584K, 72% used [0x00000000f5580000,0x00000000fb2a5c20,0x00000000fd600000)
  from space 21504K, 0% used [0x00000000fd600000,0x00000000fd600000,0x00000000feb00000)
  to   space 21504K, 0% used [0x00000000feb00000,0x00000000feb00000,0x0000000100000000)
 ParOldGen       total 349696K, used 15209K [0x00000000e0000000, 0x00000000f5580000, 0x00000000f5580000)
  object space 349696K, 4% used [0x00000000e0000000,0x00000000e0eda460,0x00000000f5580000)
 Metaspace       used 35164K, capacity 35364K, committed 35496K, reserved 1079296K
  class space    used 5319K, capacity 5374K, committed 5376K, reserved 1048576K
Event: 4.700 GC heap after
Heap after GC invocations=3 (full 1):
 PSYoungGen      total 153088K, used 15328K [0x00000000f5580000, 0x0000000100000000, 0x0000000100000000)
  eden space 131584K, 0% used [0x00000000f5580000,0x00000000f5580000,0x00000000fd600000)
  from space 21504K, 71% used [0x00000000feb00000,0x00000000ff9f8280,0x0000000100000000)
  to   space 21504K, 0% used [0x00000000fd600000,0x00000000fd600000,0x00000000feb00000)
 ParOldGen       total 349696K, used 15217K [0x00000000e0000000, 0x00000000f5580000, 0x00000000f5580000)
  object space 349696K, 4% used [0x00000000e0000000,0x00000000e0edc460,0x00000000f5580000)
 Metaspace       used 35164K, capacity 35364K, committed 35496K, reserved 1079296K
  class space    used 5319K, capacity 5374K, committed 5376K, reserved 1048576K
}
Event: 4.700 GC heap before
{Heap before GC invocations=4 (full 2):
 PSYoungGen      total 153088K, used 15328K [0x00000000f5580000, 0x0000000100000000, 0x0000000100000000)
  eden space 131584K, 0% used [0x00000000f5580000,0x00000000f5580000,0x00000000fd600000)
  from space 21504K, 71% used [0x00000000feb00000,0x00000000ff9f8280,0x0000000100000000)
  to   space 21504K, 0% used [0x00000000fd600000,0x00000000fd600000,0x00000000feb00000)
 ParOldGen       total 349696K, used 15217K [0x00000000e0000000, 0x00000000f5580000, 0x00000000f5580000)
  object space 349696K, 4% used [0x00000000e0000000,0x00000000e0edc460,0x00000000f5580000)
 Metaspace       used 35164K, capacity 35364K, committed 35496K, reserved 1079296K
  class space    used 5319K, capacity 5374K, committed 5376K, reserved 1048576K
Event: 4.757 GC heap after
Heap after GC invocations=4 (full 2):
 PSYoungGen      total 153088K, used 0K [0x00000000f5580000, 0x0000000100000000, 0x0000000100000000)
  eden space 131584K, 0% used [0x00000000f5580000,0x00000000f5580000,0x00000000fd600000)
  from space 21504K, 0% used [0x00000000feb00000,0x00000000feb00000,0x0000000100000000)
  to   space 21504K, 0% used [0x00000000fd600000,0x00000000fd600000,0x00000000feb00000)
 ParOldGen       total 349696K, used 18868K [0x00000000e0000000, 0x00000000f5580000, 0x00000000f5580000)
  object space 349696K, 5% used [0x00000000e0000000,0x00000000e126d128,0x00000000f5580000)
 Metaspace       used 35163K, capacity 35362K, committed 35496K, reserved 1079296K
  class space    used 5318K, capacity 5373K, committed 5376K, reserved 1048576K
}
Event: 1247.203 GC heap before
{Heap before GC invocations=5 (full 2):
 PSYoungGen      total 153088K, used 128370K [0x00000000f5580000, 0x0000000100000000, 0x0000000100000000)
  eden space 131584K, 97% used [0x00000000f5580000,0x00000000fd2dc818,0x00000000fd600000)
  from space 21504K, 0% used [0x00000000feb00000,0x00000000feb00000,0x0000000100000000)
  to   space 21504K, 0% used [0x00000000fd600000,0x00000000fd600000,0x00000000feb00000)
 ParOldGen       total 349696K, used 18868K [0x00000000e0000000, 0x00000000f5580000, 0x00000000f5580000)
  object space 349696K, 5% used [0x00000000e0000000,0x00000000e126d128,0x00000000f5580000)
 Metaspace       used 44705K, capacity 45162K, committed 45312K, reserved 1087488K
  class space    used 6995K, capacity 7098K, committed 7168K, reserved 1048576K
Event: 1247.445 GC heap after
Heap after GC invocations=5 (full 2):
 PSYoungGen      total 153088K, used 21489K [0x00000000f5580000, 0x0000000100000000, 0x0000000100000000)
  eden space 131584K, 0% used [0x00000000f5580000,0x00000000f5580000,0x00000000fd600000)
  from space 21504K, 99% used [0x00000000fd600000,0x00000000feafc7e8,0x00000000feb00000)
  to   space 21504K, 0% used [0x00000000feb00000,0x00000000feb00000,0x0000000100000000)
 ParOldGen       total 349696K, used 23861K [0x00000000e0000000, 0x00000000f5580000, 0x00000000f5580000)
  object space 349696K, 6% used [0x00000000e0000000,0x00000000e174d650,0x00000000f5580000)
 Metaspace       used 44705K, capacity 45162K, committed 45312K, reserved 1087488K
  class space    used 6995K, capacity 7098K, committed 7168K, reserved 1048576K
}

